<?xml version="1.0" encoding="UTF-8"?>
<testng-results ignored="0" total="1" passed="1" failed="0" skipped="0">
  <reporter-output>
  </reporter-output>
  <suite started-at="2022-04-25T08:07:36 IST" name="Test Automation - EMS" finished-at="2022-04-25T08:08:31 IST" duration-ms="55514">
    <groups>
    </groups>
    <test started-at="2022-04-25T08:07:36 IST" name="Funtional Testing" finished-at="2022-04-25T08:08:31 IST" duration-ms="55514">
      <class name="com.qa.testscripts.TC_001">
        <test-method is-config="true" signature="setUp(java.lang.String,java.lang.String)[pri:0, instance:com.qa.testscripts.TC_001@1a18644]" started-at="2022-04-25T08:07:38 IST" name="setUp" finished-at="2022-04-25T08:08:25 IST" duration-ms="46965" status="PASS">
          <params>
            <param index="0">
              <value>
                <![CDATA[chrome]]>
              </value>
            </param>
            <param index="1">
              <value>
                <![CDATA[http://www.ems.com/]]>
              </value>
            </param>
          </params>
          <reporter-output>
          </reporter-output>
        </test-method> <!-- setUp -->
        <test-method is-config="true" signature="LoginAction()[pri:0, instance:com.qa.testscripts.TC_001@1a18644]" started-at="2022-04-25T08:08:25 IST" name="LoginAction" finished-at="2022-04-25T08:08:25 IST" duration-ms="1" status="PASS">
          <reporter-output>
          </reporter-output>
        </test-method> <!-- LoginAction -->
        <test-method signature="AddEmp()[pri:0, instance:com.qa.testscripts.TC_001@1a18644]" started-at="2022-04-25T08:08:25 IST" name="AddEmp" finished-at="2022-04-25T08:08:25 IST" duration-ms="5" status="PASS">
          <reporter-output>
          </reporter-output>
        </test-method> <!-- AddEmp -->
        <test-method is-config="true" signature="tearDown()[pri:0, instance:com.qa.testscripts.TC_001@1a18644]" started-at="2022-04-25T08:08:25 IST" name="tearDown" finished-at="2022-04-25T08:08:31 IST" duration-ms="5846" status="PASS">
          <reporter-output>
          </reporter-output>
        </test-method> <!-- tearDown -->
      </class> <!-- com.qa.testscripts.TC_001 -->
    </test> <!-- Funtional Testing -->
  </suite> <!-- Test Automation - EMS -->
</testng-results>
